<?xml version="1.0" encoding="UTF-8"?>
<!-- Generated by org.testng.reporters.JUnitReportReporter -->
<testsuite hostname="MSI" failures="0" tests="5" name="com.qa.opencart.test.AccountPageTest" time="2.161" errors="0" timestamp="2024-05-17T23:16:38 IST" skipped="0">
  <testcase classname="com.qa.opencart.test.AccountPageTest" name="productSearchTest" time="0.730"/>
  <testcase classname="com.qa.opencart.test.AccountPageTest" name="productSearchTest" time="0.790"/>
  <testcase classname="com.qa.opencart.test.AccountPageTest" name="getAccountPageTitle" time="0.012"/>
  <testcase classname="com.qa.opencart.test.AccountPageTest" name="getAccountPageURL" time="0.015"/>
  <testcase classname="com.qa.opencart.test.AccountPageTest" name="productSearchTest" time="0.614"/>
</testsuite> <!-- com.qa.opencart.test.AccountPageTest -->
