<?xml version="1.0" encoding="UTF-8"?>
<!-- Generated by org.testng.reporters.JUnitReportReporter -->
<testsuite hostname="MSI" failures="0" tests="6" name="com.qa.opencart.test.ProductInfoPageTest" time="9.398" errors="0" timestamp="2024-05-17T23:16:38 IST" skipped="0">
  <testcase classname="com.qa.opencart.test.ProductInfoPageTest" name="productHeaderTest" time="1.562"/>
  <testcase classname="com.qa.opencart.test.ProductInfoPageTest" name="productHeaderTest" time="1.548"/>
  <testcase classname="com.qa.opencart.test.ProductInfoPageTest" name="productHeaderTest" time="1.486"/>
  <testcase classname="com.qa.opencart.test.ProductInfoPageTest" name="productMetaDataTest" time="1.523"/>
  <testcase classname="com.qa.opencart.test.ProductInfoPageTest" name="productHeaderTest" time="1.424"/>
  <testcase classname="com.qa.opencart.test.ProductInfoPageTest" name="productHeaderTest" time="1.855"/>
</testsuite> <!-- com.qa.opencart.test.ProductInfoPageTest -->
